This file contains any messages produced by compilers while
running configure, to aid debugging if configure makes a mistake.

It was created by FULL-PACKAGE-NAME configure VERSION, which was
generated by GNU Autoconf 2.69.  Invocation command line was

  $ ./configure 

## --------- ##
## Platform. ##
## --------- ##

hostname = DESKTOP-41UE16N
uname -m = x86_64
uname -r = 4.4.0-18362-Microsoft
uname -s = Linux
uname -v = #1-Microsoft Mon Mar 18 12:02:00 PST 2019

/usr/bin/uname -p = unknown
/bin/uname -X     = unknown

/bin/arch              = unknown
/usr/bin/arch -k       = unknown
/usr/convex/getsysinfo = unknown
/usr/bin/hostinfo      = unknown
/bin/machine           = unknown
/usr/bin/oslevel       = unknown
/bin/universe          = unknown

PATH: /usr/local/sbin
PATH: /usr/local/bin
PATH: /usr/sbin
PATH: /usr/bin
PATH: /sbin
PATH: /bin
PATH: /usr/games
PATH: /usr/local/games
PATH: /mnt/c/Program Files (x86)/Intel/iCLS Client/
PATH: /mnt/c/Program Files/Intel/iCLS Client/
PATH: /mnt/c/Windows/system32
PATH: /mnt/c/Windows
PATH: /mnt/c/Windows/System32/Wbem
PATH: /mnt/c/Windows/System32/WindowsPowerShell/v1.0/
PATH: /mnt/c/Windows/System32/OpenSSH/
PATH: /mnt/c/Program Files/Git/cmd
PATH: /mnt/c/Users/reid/AppData/Local/Microsoft/WindowsApps
PATH: /mnt/c/Users/reid/AppData/Local/Programs/Microsoft VS Code/bin
PATH: /snap/bin


## ----------- ##
## Core tests. ##
## ----------- ##

configure:2406: checking for g++
configure:2422: found /usr/bin/g++
configure:2433: result: g++
configure:2460: checking for C++ compiler version
configure:2469: g++ --version >&5
g++ (Ubuntu 7.4.0-1ubuntu1~18.04.1) 7.4.0
Copyright (C) 2017 Free Software Foundation, Inc.
This is free software; see the source for copying conditions.  There is NO
warranty; not even for MERCHANTABILITY or FITNESS FOR A PARTICULAR PURPOSE.

configure:2480: $? = 0
configure:2469: g++ -v >&5
Using built-in specs.
COLLECT_GCC=g++
COLLECT_LTO_WRAPPER=/usr/lib/gcc/x86_64-linux-gnu/7/lto-wrapper
OFFLOAD_TARGET_NAMES=nvptx-none
OFFLOAD_TARGET_DEFAULT=1
Target: x86_64-linux-gnu
Configured with: ../src/configure -v --with-pkgversion='Ubuntu 7.4.0-1ubuntu1~18.04.1' --with-bugurl=file:///usr/share/doc/gcc-7/README.Bugs --enable-languages=c,ada,c++,go,brig,d,fortran,objc,obj-c++ --prefix=/usr --with-gcc-major-version-only --program-suffix=-7 --program-prefix=x86_64-linux-gnu- --enable-shared --enable-linker-build-id --libexecdir=/usr/lib --without-included-gettext --enable-threads=posix --libdir=/usr/lib --enable-nls --with-sysroot=/ --enable-clocale=gnu --enable-libstdcxx-debug --enable-libstdcxx-time=yes --with-default-libstdcxx-abi=new --enable-gnu-unique-object --disable-vtable-verify --enable-libmpx --enable-plugin --enable-default-pie --with-system-zlib --with-target-system-zlib --enable-objc-gc=auto --enable-multiarch --disable-werror --with-arch-32=i686 --with-abi=m64 --with-multilib-list=m32,m64,mx32 --enable-multilib --with-tune=generic --enable-offload-targets=nvptx-none --without-cuda-driver --enable-checking=release --build=x86_64-linux-gnu --host=x86_64-linux-gnu --target=x86_64-linux-gnu
Thread model: posix
gcc version 7.4.0 (Ubuntu 7.4.0-1ubuntu1~18.04.1) 
configure:2480: $? = 0
configure:2469: g++ -V >&5
g++: error: unrecognized command line option '-V'
g++: fatal error: no input files
compilation terminated.
configure:2480: $? = 1
configure:2469: g++ -qversion >&5
g++: error: unrecognized command line option '-qversion'; did you mean '--version'?
g++: fatal error: no input files
compilation terminated.
configure:2480: $? = 1
configure:2500: checking whether the C++ compiler works
configure:2522: g++    conftest.cpp  >&5
configure:2526: $? = 0
configure:2574: result: yes
configure:2577: checking for C++ compiler default output file name
configure:2579: result: a.out
configure:2585: checking for suffix of executables
configure:2592: g++ -o conftest    conftest.cpp  >&5
configure:2596: $? = 0
configure:2618: result: 
configure:2640: checking whether we are cross compiling
configure:2648: g++ -o conftest    conftest.cpp  >&5
configure:2652: $? = 0
configure:2659: ./conftest
configure:2663: $? = 0
configure:2678: result: no
configure:2683: checking for suffix of object files
configure:2705: g++ -c   conftest.cpp >&5
configure:2709: $? = 0
configure:2730: result: o
configure:2734: checking whether we are using the GNU C++ compiler
configure:2753: g++ -c   conftest.cpp >&5
configure:2753: $? = 0
configure:2762: result: yes
configure:2771: checking whether g++ accepts -g
configure:2791: g++ -c -g  conftest.cpp >&5
configure:2791: $? = 0
configure:2832: result: yes
configure:2903: checking for gcc
configure:2919: found /usr/bin/gcc
configure:2930: result: gcc
configure:3159: checking for C compiler version
configure:3168: gcc --version >&5
gcc (Ubuntu 7.4.0-1ubuntu1~18.04.1) 7.4.0
Copyright (C) 2017 Free Software Foundation, Inc.
This is free software; see the source for copying conditions.  There is NO
warranty; not even for MERCHANTABILITY or FITNESS FOR A PARTICULAR PURPOSE.

configure:3179: $? = 0
configure:3168: gcc -v >&5
Using built-in specs.
COLLECT_GCC=gcc
COLLECT_LTO_WRAPPER=/usr/lib/gcc/x86_64-linux-gnu/7/lto-wrapper
OFFLOAD_TARGET_NAMES=nvptx-none
OFFLOAD_TARGET_DEFAULT=1
Target: x86_64-linux-gnu
Configured with: ../src/configure -v --with-pkgversion='Ubuntu 7.4.0-1ubuntu1~18.04.1' --with-bugurl=file:///usr/share/doc/gcc-7/README.Bugs --enable-languages=c,ada,c++,go,brig,d,fortran,objc,obj-c++ --prefix=/usr --with-gcc-major-version-only --program-suffix=-7 --program-prefix=x86_64-linux-gnu- --enable-shared --enable-linker-build-id --libexecdir=/usr/lib --without-included-gettext --enable-threads=posix --libdir=/usr/lib --enable-nls --with-sysroot=/ --enable-clocale=gnu --enable-libstdcxx-debug --enable-libstdcxx-time=yes --with-default-libstdcxx-abi=new --enable-gnu-unique-object --disable-vtable-verify --enable-libmpx --enable-plugin --enable-default-pie --with-system-zlib --with-target-system-zlib --enable-objc-gc=auto --enable-multiarch --disable-werror --with-arch-32=i686 --with-abi=m64 --with-multilib-list=m32,m64,mx32 --enable-multilib --with-tune=generic --enable-offload-targets=nvptx-none --without-cuda-driver --enable-checking=release --build=x86_64-linux-gnu --host=x86_64-linux-gnu --target=x86_64-linux-gnu
Thread model: posix
gcc version 7.4.0 (Ubuntu 7.4.0-1ubuntu1~18.04.1) 
configure:3179: $? = 0
configure:3168: gcc -V >&5
gcc: error: unrecognized command line option '-V'
gcc: fatal error: no input files
compilation terminated.
configure:3179: $? = 1
configure:3168: gcc -qversion >&5
gcc: error: unrecognized command line option '-qversion'; did you mean '--version'?
gcc: fatal error: no input files
compilation terminated.
configure:3179: $? = 1
configure:3183: checking whether we are using the GNU C compiler
configure:3202: gcc -c   conftest.c >&5
configure:3202: $? = 0
configure:3211: result: yes
configure:3220: checking whether gcc accepts -g
configure:3240: gcc -c -g  conftest.c >&5
configure:3240: $? = 0
configure:3281: result: yes
configure:3298: checking for gcc option to accept ISO C89
configure:3361: gcc  -c -g -O2  conftest.c >&5
configure:3361: $? = 0
configure:3374: result: none needed
configure:3402: checking whether gcc understands -c and -o together
configure:3424: gcc -c conftest.c -o conftest2.o
configure:3427: $? = 0
configure:3424: gcc -c conftest.c -o conftest2.o
configure:3427: $? = 0
configure:3439: result: yes
configure:3464: checking how to run the C preprocessor
configure:3495: gcc -E  conftest.c
configure:3495: $? = 0
configure:3509: gcc -E  conftest.c
conftest.c:9:10: fatal error: ac_nonexistent.h: No such file or directory
 #include <ac_nonexistent.h>
          ^~~~~~~~~~~~~~~~~~
compilation terminated.
configure:3509: $? = 1
configure: failed program was:
| /* confdefs.h */
| #define PACKAGE_NAME "FULL-PACKAGE-NAME"
| #define PACKAGE_TARNAME "full-package-name"
| #define PACKAGE_VERSION "VERSION"
| #define PACKAGE_STRING "FULL-PACKAGE-NAME VERSION"
| #define PACKAGE_BUGREPORT "BUG-REPORT-ADDRESS"
| #define PACKAGE_URL ""
| /* end confdefs.h.  */
| #include <ac_nonexistent.h>
configure:3534: result: gcc -E
configure:3554: gcc -E  conftest.c
configure:3554: $? = 0
configure:3568: gcc -E  conftest.c
conftest.c:9:10: fatal error: ac_nonexistent.h: No such file or directory
 #include <ac_nonexistent.h>
          ^~~~~~~~~~~~~~~~~~
compilation terminated.
configure:3568: $? = 1
configure: failed program was:
| /* confdefs.h */
| #define PACKAGE_NAME "FULL-PACKAGE-NAME"
| #define PACKAGE_TARNAME "full-package-name"
| #define PACKAGE_VERSION "VERSION"
| #define PACKAGE_STRING "FULL-PACKAGE-NAME VERSION"
| #define PACKAGE_BUGREPORT "BUG-REPORT-ADDRESS"
| #define PACKAGE_URL ""
| /* end confdefs.h.  */
| #include <ac_nonexistent.h>
configure:3597: checking for grep that handles long lines and -e
configure:3655: result: /bin/grep
configure:3660: checking for egrep
configure:3722: result: /bin/grep -E
configure:3727: checking for ANSI C header files
configure:3747: gcc -c -g -O2  conftest.c >&5
configure:3747: $? = 0
configure:3820: gcc -o conftest -g -O2   conftest.c  >&5
configure:3820: $? = 0
configure:3820: ./conftest
configure:3820: $? = 0
configure:3831: result: yes
configure:3844: checking for sys/types.h
configure:3844: gcc -c -g -O2  conftest.c >&5
configure:3844: $? = 0
configure:3844: result: yes
configure:3844: checking for sys/stat.h
configure:3844: gcc -c -g -O2  conftest.c >&5
configure:3844: $? = 0
configure:3844: result: yes
configure:3844: checking for stdlib.h
configure:3844: gcc -c -g -O2  conftest.c >&5
configure:3844: $? = 0
configure:3844: result: yes
configure:3844: checking for string.h
configure:3844: gcc -c -g -O2  conftest.c >&5
configure:3844: $? = 0
configure:3844: result: yes
configure:3844: checking for memory.h
configure:3844: gcc -c -g -O2  conftest.c >&5
configure:3844: $? = 0
configure:3844: result: yes
configure:3844: checking for strings.h
configure:3844: gcc -c -g -O2  conftest.c >&5
configure:3844: $? = 0
configure:3844: result: yes
configure:3844: checking for inttypes.h
configure:3844: gcc -c -g -O2  conftest.c >&5
configure:3844: $? = 0
configure:3844: result: yes
configure:3844: checking for stdint.h
configure:3844: gcc -c -g -O2  conftest.c >&5
configure:3844: $? = 0
configure:3844: result: yes
configure:3844: checking for unistd.h
configure:3844: gcc -c -g -O2  conftest.c >&5
configure:3844: $? = 0
configure:3844: result: yes
configure:3859: checking arpa/inet.h usability
configure:3859: gcc -c -g -O2  conftest.c >&5
configure:3859: $? = 0
configure:3859: result: yes
configure:3859: checking arpa/inet.h presence
configure:3859: gcc -E  conftest.c
configure:3859: $? = 0
configure:3859: result: yes
configure:3859: checking for arpa/inet.h
configure:3859: result: yes
configure:3859: checking fcntl.h usability
configure:3859: gcc -c -g -O2  conftest.c >&5
configure:3859: $? = 0
configure:3859: result: yes
configure:3859: checking fcntl.h presence
configure:3859: gcc -E  conftest.c
configure:3859: $? = 0
configure:3859: result: yes
configure:3859: checking for fcntl.h
configure:3859: result: yes
configure:3859: checking netinet/in.h usability
configure:3859: gcc -c -g -O2  conftest.c >&5
configure:3859: $? = 0
configure:3859: result: yes
configure:3859: checking netinet/in.h presence
configure:3859: gcc -E  conftest.c
configure:3859: $? = 0
configure:3859: result: yes
configure:3859: checking for netinet/in.h
configure:3859: result: yes
configure:3859: checking for stdlib.h
configure:3859: result: yes
configure:3859: checking for string.h
configure:3859: result: yes
configure:3859: checking for strings.h
configure:3859: result: yes
configure:3859: checking sys/socket.h usability
configure:3859: gcc -c -g -O2  conftest.c >&5
configure:3859: $? = 0
configure:3859: result: yes
configure:3859: checking sys/socket.h presence
configure:3859: gcc -E  conftest.c
configure:3859: $? = 0
configure:3859: result: yes
configure:3859: checking for sys/socket.h
configure:3859: result: yes
configure:3859: checking termios.h usability
configure:3859: gcc -c -g -O2  conftest.c >&5
configure:3859: $? = 0
configure:3859: result: yes
configure:3859: checking termios.h presence
configure:3859: gcc -E  conftest.c
configure:3859: $? = 0
configure:3859: result: yes
configure:3859: checking for termios.h
configure:3859: result: yes
configure:3859: checking for unistd.h
configure:3859: result: yes
configure:3871: checking for stdbool.h that conforms to C99
configure:3938: gcc -c -g -O2  conftest.c >&5
configure:3938: $? = 0
configure:3945: result: yes
configure:3947: checking for _Bool
configure:3947: gcc -c -g -O2  conftest.c >&5
configure:3947: $? = 0
configure:3947: gcc -c -g -O2  conftest.c >&5
conftest.c: In function 'main':
conftest.c:64:20: error: expected expression before ')' token
 if (sizeof ((_Bool)))
                    ^
configure:3947: $? = 1
configure: failed program was:
| /* confdefs.h */
| #define PACKAGE_NAME "FULL-PACKAGE-NAME"
| #define PACKAGE_TARNAME "full-package-name"
| #define PACKAGE_VERSION "VERSION"
| #define PACKAGE_STRING "FULL-PACKAGE-NAME VERSION"
| #define PACKAGE_BUGREPORT "BUG-REPORT-ADDRESS"
| #define PACKAGE_URL ""
| #define STDC_HEADERS 1
| #define HAVE_SYS_TYPES_H 1
| #define HAVE_SYS_STAT_H 1
| #define HAVE_STDLIB_H 1
| #define HAVE_STRING_H 1
| #define HAVE_MEMORY_H 1
| #define HAVE_STRINGS_H 1
| #define HAVE_INTTYPES_H 1
| #define HAVE_STDINT_H 1
| #define HAVE_UNISTD_H 1
| #define HAVE_ARPA_INET_H 1
| #define HAVE_FCNTL_H 1
| #define HAVE_NETINET_IN_H 1
| #define HAVE_STDLIB_H 1
| #define HAVE_STRING_H 1
| #define HAVE_STRINGS_H 1
| #define HAVE_SYS_SOCKET_H 1
| #define HAVE_TERMIOS_H 1
| #define HAVE_UNISTD_H 1
| /* end confdefs.h.  */
| #include <stdio.h>
| #ifdef HAVE_SYS_TYPES_H
| # include <sys/types.h>
| #endif
| #ifdef HAVE_SYS_STAT_H
| # include <sys/stat.h>
| #endif
| #ifdef STDC_HEADERS
| # include <stdlib.h>
| # include <stddef.h>
| #else
| # ifdef HAVE_STDLIB_H
| #  include <stdlib.h>
| # endif
| #endif
| #ifdef HAVE_STRING_H
| # if !defined STDC_HEADERS && defined HAVE_MEMORY_H
| #  include <memory.h>
| # endif
| # include <string.h>
| #endif
| #ifdef HAVE_STRINGS_H
| # include <strings.h>
| #endif
| #ifdef HAVE_INTTYPES_H
| # include <inttypes.h>
| #endif
| #ifdef HAVE_STDINT_H
| # include <stdint.h>
| #endif
| #ifdef HAVE_UNISTD_H
| # include <unistd.h>
| #endif
| int
| main ()
| {
| if (sizeof ((_Bool)))
| 	    return 0;
|   ;
|   return 0;
| }
configure:3947: result: yes
configure:3958: checking for ssize_t
configure:3958: gcc -c -g -O2  conftest.c >&5
configure:3958: $? = 0
configure:3958: gcc -c -g -O2  conftest.c >&5
conftest.c: In function 'main':
conftest.c:65:22: error: expected expression before ')' token
 if (sizeof ((ssize_t)))
                      ^
configure:3958: $? = 1
configure: failed program was:
| /* confdefs.h */
| #define PACKAGE_NAME "FULL-PACKAGE-NAME"
| #define PACKAGE_TARNAME "full-package-name"
| #define PACKAGE_VERSION "VERSION"
| #define PACKAGE_STRING "FULL-PACKAGE-NAME VERSION"
| #define PACKAGE_BUGREPORT "BUG-REPORT-ADDRESS"
| #define PACKAGE_URL ""
| #define STDC_HEADERS 1
| #define HAVE_SYS_TYPES_H 1
| #define HAVE_SYS_STAT_H 1
| #define HAVE_STDLIB_H 1
| #define HAVE_STRING_H 1
| #define HAVE_MEMORY_H 1
| #define HAVE_STRINGS_H 1
| #define HAVE_INTTYPES_H 1
| #define HAVE_STDINT_H 1
| #define HAVE_UNISTD_H 1
| #define HAVE_ARPA_INET_H 1
| #define HAVE_FCNTL_H 1
| #define HAVE_NETINET_IN_H 1
| #define HAVE_STDLIB_H 1
| #define HAVE_STRING_H 1
| #define HAVE_STRINGS_H 1
| #define HAVE_SYS_SOCKET_H 1
| #define HAVE_TERMIOS_H 1
| #define HAVE_UNISTD_H 1
| #define HAVE__BOOL 1
| /* end confdefs.h.  */
| #include <stdio.h>
| #ifdef HAVE_SYS_TYPES_H
| # include <sys/types.h>
| #endif
| #ifdef HAVE_SYS_STAT_H
| # include <sys/stat.h>
| #endif
| #ifdef STDC_HEADERS
| # include <stdlib.h>
| # include <stddef.h>
| #else
| # ifdef HAVE_STDLIB_H
| #  include <stdlib.h>
| # endif
| #endif
| #ifdef HAVE_STRING_H
| # if !defined STDC_HEADERS && defined HAVE_MEMORY_H
| #  include <memory.h>
| # endif
| # include <string.h>
| #endif
| #ifdef HAVE_STRINGS_H
| # include <strings.h>
| #endif
| #ifdef HAVE_INTTYPES_H
| # include <inttypes.h>
| #endif
| #ifdef HAVE_STDINT_H
| # include <stdint.h>
| #endif
| #ifdef HAVE_UNISTD_H
| # include <unistd.h>
| #endif
| int
| main ()
| {
| if (sizeof ((ssize_t)))
| 	    return 0;
|   ;
|   return 0;
| }
configure:3958: result: yes
configure:3969: checking for uint32_t
configure:3969: gcc -c -g -O2  conftest.c >&5
configure:3969: $? = 0
configure:3969: result: yes
configure:3983: checking for uint8_t
configure:3983: gcc -c -g -O2  conftest.c >&5
configure:3983: $? = 0
configure:3983: result: yes
configure:4002: checking for bzero
configure:4002: gcc -o conftest -g -O2   conftest.c  >&5
conftest.c:52:6: warning: conflicting types for built-in function 'bzero' [-Wbuiltin-declaration-mismatch]
 char bzero ();
      ^~~~~
configure:4002: $? = 0
configure:4002: result: yes
configure:4002: checking for socket
configure:4002: gcc -o conftest -g -O2   conftest.c  >&5
configure:4002: $? = 0
configure:4002: result: yes
configure:4002: checking for strtol
configure:4002: gcc -o conftest -g -O2   conftest.c  >&5
configure:4002: $? = 0
configure:4002: result: yes
configure:4002: checking for select
configure:4002: gcc -o conftest -g -O2   conftest.c  >&5
configure:4002: $? = 0
configure:4002: result: yes
configure:4011: checking for main in -lcrypto++
configure:4030: gcc -o conftest -g -O2   conftest.c -lcrypto++   >&5
configure:4030: $? = 0
configure:4039: result: yes
configure:4072: checking for a BSD-compatible install
configure:4140: result: /usr/bin/install -c
configure:4151: checking whether build environment is sane
configure:4206: result: yes
configure:4354: checking for a thread-safe mkdir -p
configure:4393: result: /bin/mkdir -p
configure:4400: checking for gawk
configure:4416: found /usr/bin/gawk
configure:4427: result: gawk
configure:4438: checking whether make sets $(MAKE)
configure:4460: result: yes
configure:4490: checking for style of include used by make
configure:4518: result: GNU
configure:4552: checking whether make supports nested variables
configure:4569: result: yes
configure:4654: checking dependency style of gcc
configure:4765: result: gcc3
configure:4782: checking dependency style of g++
configure:4893: result: gcc3
configure:5063: checking that generated files are newer than configure
configure:5069: result: done
configure:5096: creating ./config.status

## ---------------------- ##
## Running config.status. ##
## ---------------------- ##

This file was extended by FULL-PACKAGE-NAME config.status VERSION, which was
generated by GNU Autoconf 2.69.  Invocation command line was

  CONFIG_FILES    = 
  CONFIG_HEADERS  = 
  CONFIG_LINKS    = 
  CONFIG_COMMANDS = 
  $ ./config.status 

on DESKTOP-41UE16N

config.status:875: creating Makefile
config.status:875: creating src/Makefile
config.status:875: creating include/config.h
config.status:1104: executing depfiles commands

## ---------------- ##
## Cache variables. ##
## ---------------- ##

ac_cv_c_compiler_gnu=yes
ac_cv_c_uint32_t=yes
ac_cv_c_uint8_t=yes
ac_cv_cxx_compiler_gnu=yes
ac_cv_env_CCC_set=
ac_cv_env_CCC_value=
ac_cv_env_CC_set=
ac_cv_env_CC_value=
ac_cv_env_CFLAGS_set=
ac_cv_env_CFLAGS_value=
ac_cv_env_CPPFLAGS_set=
ac_cv_env_CPPFLAGS_value=
ac_cv_env_CPP_set=
ac_cv_env_CPP_value=
ac_cv_env_CXXFLAGS_set=
ac_cv_env_CXXFLAGS_value=
ac_cv_env_CXX_set=
ac_cv_env_CXX_value=
ac_cv_env_LDFLAGS_set=
ac_cv_env_LDFLAGS_value=
ac_cv_env_LIBS_set=
ac_cv_env_LIBS_value=
ac_cv_env_build_alias_set=
ac_cv_env_build_alias_value=
ac_cv_env_host_alias_set=
ac_cv_env_host_alias_value=
ac_cv_env_target_alias_set=
ac_cv_env_target_alias_value=
ac_cv_func_bzero=yes
ac_cv_func_select=yes
ac_cv_func_socket=yes
ac_cv_func_strtol=yes
ac_cv_header_arpa_inet_h=yes
ac_cv_header_fcntl_h=yes
ac_cv_header_inttypes_h=yes
ac_cv_header_memory_h=yes
ac_cv_header_netinet_in_h=yes
ac_cv_header_stdbool_h=yes
ac_cv_header_stdc=yes
ac_cv_header_stdint_h=yes
ac_cv_header_stdlib_h=yes
ac_cv_header_string_h=yes
ac_cv_header_strings_h=yes
ac_cv_header_sys_socket_h=yes
ac_cv_header_sys_stat_h=yes
ac_cv_header_sys_types_h=yes
ac_cv_header_termios_h=yes
ac_cv_header_unistd_h=yes
ac_cv_lib_cryptopp_main=yes
ac_cv_objext=o
ac_cv_path_EGREP='/bin/grep -E'
ac_cv_path_GREP=/bin/grep
ac_cv_path_install='/usr/bin/install -c'
ac_cv_path_mkdir=/bin/mkdir
ac_cv_prog_AWK=gawk
ac_cv_prog_CPP='gcc -E'
ac_cv_prog_ac_ct_CC=gcc
ac_cv_prog_ac_ct_CXX=g++
ac_cv_prog_cc_c89=
ac_cv_prog_cc_g=yes
ac_cv_prog_cxx_g=yes
ac_cv_prog_make_make_set=yes
ac_cv_type__Bool=yes
ac_cv_type_ssize_t=yes
am_cv_CC_dependencies_compiler_type=gcc3
am_cv_CXX_dependencies_compiler_type=gcc3
am_cv_make_support_nested_variables=yes
am_cv_prog_cc_c_o=yes

## ----------------- ##
## Output variables. ##
## ----------------- ##

ACLOCAL='${SHELL} /mnt/c/Users/reid/afit/distributed/HW4/AFIT-CSCE689-HW4-S/build-aux/missing aclocal-1.15'
AMDEPBACKSLASH='\'
AMDEP_FALSE='#'
AMDEP_TRUE=''
AMTAR='$${TAR-tar}'
AM_BACKSLASH='\'
AM_DEFAULT_V='$(AM_DEFAULT_VERBOSITY)'
AM_DEFAULT_VERBOSITY='1'
AM_V='$(V)'
AUTOCONF='${SHELL} /mnt/c/Users/reid/afit/distributed/HW4/AFIT-CSCE689-HW4-S/build-aux/missing autoconf'
AUTOHEADER='${SHELL} /mnt/c/Users/reid/afit/distributed/HW4/AFIT-CSCE689-HW4-S/build-aux/missing autoheader'
AUTOMAKE='${SHELL} /mnt/c/Users/reid/afit/distributed/HW4/AFIT-CSCE689-HW4-S/build-aux/missing automake-1.15'
AWK='gawk'
CC='gcc'
CCDEPMODE='depmode=gcc3'
CFLAGS='-g -O2'
CPP='gcc -E'
CPPFLAGS=''
CXX='g++'
CXXDEPMODE='depmode=gcc3'
CXXFLAGS='-g -O2'
CYGPATH_W='echo'
DEFS='-DHAVE_CONFIG_H'
DEPDIR='.deps'
ECHO_C=''
ECHO_N='-n'
ECHO_T=''
EGREP='/bin/grep -E'
EXEEXT=''
GREP='/bin/grep'
INSTALL_DATA='${INSTALL} -m 644'
INSTALL_PROGRAM='${INSTALL}'
INSTALL_SCRIPT='${INSTALL}'
INSTALL_STRIP_PROGRAM='$(install_sh) -c -s'
LDFLAGS=''
LIBOBJS=''
LIBS='-lcrypto++ '
LTLIBOBJS=''
MAKEINFO='${SHELL} /mnt/c/Users/reid/afit/distributed/HW4/AFIT-CSCE689-HW4-S/build-aux/missing makeinfo'
MKDIR_P='/bin/mkdir -p'
OBJEXT='o'
PACKAGE='full-package-name'
PACKAGE_BUGREPORT='BUG-REPORT-ADDRESS'
PACKAGE_NAME='FULL-PACKAGE-NAME'
PACKAGE_STRING='FULL-PACKAGE-NAME VERSION'
PACKAGE_TARNAME='full-package-name'
PACKAGE_URL=''
PACKAGE_VERSION='VERSION'
PATH_SEPARATOR=':'
SET_MAKE=''
SHELL='/bin/bash'
STRIP=''
VERSION='VERSION'
ac_ct_CC='gcc'
ac_ct_CXX='g++'
am__EXEEXT_FALSE=''
am__EXEEXT_TRUE='#'
am__fastdepCC_FALSE='#'
am__fastdepCC_TRUE=''
am__fastdepCXX_FALSE='#'
am__fastdepCXX_TRUE=''
am__include='include'
am__isrc=''
am__leading_dot='.'
am__nodep='_no'
am__quote=''
am__tar='$${TAR-tar} chof - "$$tardir"'
am__untar='$${TAR-tar} xf -'
bindir='${exec_prefix}/bin'
build_alias=''
datadir='${datarootdir}'
datarootdir='${prefix}/share'
docdir='${datarootdir}/doc/${PACKAGE_TARNAME}'
dvidir='${docdir}'
exec_prefix='${prefix}'
host_alias=''
htmldir='${docdir}'
includedir='${prefix}/include'
infodir='${datarootdir}/info'
install_sh='${SHELL} /mnt/c/Users/reid/afit/distributed/HW4/AFIT-CSCE689-HW4-S/build-aux/install-sh'
libdir='${exec_prefix}/lib'
libexecdir='${exec_prefix}/libexec'
localedir='${datarootdir}/locale'
localstatedir='${prefix}/var'
mandir='${datarootdir}/man'
mkdir_p='$(MKDIR_P)'
oldincludedir='/usr/include'
pdfdir='${docdir}'
prefix='/usr/local'
program_transform_name='s,x,x,'
psdir='${docdir}'
runstatedir='${localstatedir}/run'
sbindir='${exec_prefix}/sbin'
sharedstatedir='${prefix}/com'
sysconfdir='${prefix}/etc'
target_alias=''

## ----------- ##
## confdefs.h. ##
## ----------- ##

/* confdefs.h */
#define PACKAGE_NAME "FULL-PACKAGE-NAME"
#define PACKAGE_TARNAME "full-package-name"
#define PACKAGE_VERSION "VERSION"
#define PACKAGE_STRING "FULL-PACKAGE-NAME VERSION"
#define PACKAGE_BUGREPORT "BUG-REPORT-ADDRESS"
#define PACKAGE_URL ""
#define STDC_HEADERS 1
#define HAVE_SYS_TYPES_H 1
#define HAVE_SYS_STAT_H 1
#define HAVE_STDLIB_H 1
#define HAVE_STRING_H 1
#define HAVE_MEMORY_H 1
#define HAVE_STRINGS_H 1
#define HAVE_INTTYPES_H 1
#define HAVE_STDINT_H 1
#define HAVE_UNISTD_H 1
#define HAVE_ARPA_INET_H 1
#define HAVE_FCNTL_H 1
#define HAVE_NETINET_IN_H 1
#define HAVE_STDLIB_H 1
#define HAVE_STRING_H 1
#define HAVE_STRINGS_H 1
#define HAVE_SYS_SOCKET_H 1
#define HAVE_TERMIOS_H 1
#define HAVE_UNISTD_H 1
#define HAVE__BOOL 1
#define HAVE_BZERO 1
#define HAVE_SOCKET 1
#define HAVE_STRTOL 1
#define HAVE_SELECT 1
#define HAVE_LIBCRYPTO__ 1
#define PACKAGE "full-package-name"
#define VERSION "VERSION"

configure: exit 0
